<?xml version="1.0" encoding="UTF-8"?>
<!-- Generated by org.testng.reporters.JUnitReportReporter -->
<testsuite hostname="EPINHYDW0F89" failures="0" tests="3" name="com.epam.test.TestOne" time="0.013" errors="0" timestamp="17 Jun 2024 11:41:54 GMT">
  <testcase classname="com.epam.test.TestOne" name="testMultiply" time="0.003"/>
  <testcase classname="com.epam.test.TestOne" name="testSubtract" time="0.000"/>
  <testcase classname="com.epam.test.TestOne" name="testM" time="0.010"/>
</testsuite> <!-- com.epam.test.TestOne -->
