<?xml version="1.0" encoding="UTF-8"?>
<!-- Generated by org.testng.reporters.JUnitReportReporter -->
<testsuite hostname="EPINHYDW0F89" failures="0" tests="1" name="com.epam.test.TestOne" time="0.008" errors="0" timestamp="17 Jun 2024 10:23:51 GMT">
  <testcase classname="com.epam.test.TestOne" name="testM" time="0.008"/>
</testsuite> <!-- com.epam.test.TestOne -->
